<?xml version="1.0" encoding="UTF-8"?>
<!-- Generated by org.testng.reporters.JUnitReportReporter -->
<testsuite hostname="mohamedyasi-a01.vmware.com" failures="0" tests="1" name="com.farnell.bdd_framework.AppTest" time="0.004" errors="0" timestamp="2021-10-07T13:24:05 IST" skipped="0">
  <testcase classname="com.farnell.bdd_framework.AppTest" name="shouldAnswerWithTrue" time="0.004"/>
  <system-out/>
</testsuite> <!-- com.farnell.bdd_framework.AppTest -->
